# JRE version: Java(TM) SE Runtime Environment (8.0_191-b12) (build 1.8.0_191-b12)
# Java VM: Java HotSpot(TM) 64-Bit Server VM (25.191-b12 mixed mode windows-amd64 compressed oops)
Heap:
 PSYoungGen      total 148480K, used 105516K [0x00000000f5580000, 0x0000000100000000, 0x0000000100000000)
  eden space 122368K, 85% used [0x00000000f5580000,0x00000000fbbfb110,0x00000000fcd00000)
  from space 26112K, 2% used [0x00000000fe680000,0x00000000fe710000,0x0000000100000000)
  to   space 26112K, 0% used [0x00000000fcd00000,0x00000000fcd00000,0x00000000fe680000)
 ParOldGen       total 349696K, used 222433K [0x00000000e0000000, 0x00000000f5580000, 0x00000000f5580000)
  object space 349696K, 63% used [0x00000000e0000000,0x00000000ed9386a0,0x00000000f5580000)
 Metaspace       used 83048K, capacity 87360K, committed 105364K, reserved 1140736K
  class space    used 10201K, capacity 11053K, committed 14524K, reserved 1048576K
GC Heap History (10 events):
Event: 29572.813 GC heap before
{Heap before GC invocations=560 (full 18):
 PSYoungGen      total 148480K, used 129408K [0x00000000f5580000, 0x00000000fff80000, 0x0000000100000000)
  eden space 123392K, 100% used [0x00000000f5580000,0x00000000fce00000,0x00000000fce00000)
  from space 25088K, 23% used [0x00000000fce00000,0x00000000fd3e0000,0x00000000fe680000)
  to   space 24576K, 0% used [0x00000000fe780000,0x00000000fe780000,0x00000000fff80000)
 ParOldGen       total 349696K, used 192356K [0x00000000e0000000, 0x00000000f5580000, 0x00000000f5580000)
  object space 349696K, 55% used [0x00000000e0000000,0x00000000ebbd92f0,0x00000000f5580000)
 Metaspace       used 80445K, capacity 84594K, committed 105364K, reserved 1140736K
  class space    used 9844K, capacity 10646K, committed 14524K, reserved 1048576K
Event: 29572.823 GC heap after
Heap after GC invocations=560 (full 18):
 PSYoungGen      total 147968K, used 17358K [0x00000000f5580000, 0x0000000100000000, 0x0000000100000000)
  eden space 123392K, 0% used [0x00000000f5580000,0x00000000f5580000,0x00000000fce00000)
  from space 24576K, 70% used [0x00000000fe780000,0x00000000ff873bc0,0x00000000fff80000)
  to   space 25600K, 0% used [0x00000000fce00000,0x00000000fce00000,0x00000000fe700000)
 ParOldGen       total 349696K, used 195628K [0x00000000e0000000, 0x00000000f5580000, 0x00000000f5580000)
  object space 349696K, 55% used [0x00000000e0000000,0x00000000ebf0b2f0,0x00000000f5580000)
 Metaspace       used 80445K, capacity 84594K, committed 105364K, reserved 1140736K
  class space    used 9844K, capacity 10646K, committed 14524K, reserved 1048576K
}
Event: 29573.747 GC heap before
{Heap before GC invocations=561 (full 18):
 PSYoungGen      total 147968K, used 140750K [0x00000000f5580000, 0x0000000100000000, 0x0000000100000000)
  eden space 123392K, 100% used [0x00000000f5580000,0x00000000fce00000,0x00000000fce00000)
  from space 24576K, 70% used [0x00000000fe780000,0x00000000ff873bc0,0x00000000fff80000)
  to   space 25600K, 0% used [0x00000000fce00000,0x00000000fce00000,0x00000000fe700000)
 ParOldGen       total 349696K, used 195628K [0x00000000e0000000, 0x00000000f5580000, 0x00000000f5580000)
  object space 349696K, 55% used [0x00000000e0000000,0x00000000ebf0b2f0,0x00000000f5580000)
 Metaspace       used 81553K, capacity 85780K, committed 105364K, reserved 1140736K
  class space    used 10015K, capacity 10848K, committed 14524K, reserved 1048576K
Event: 29573.761 GC heap after
Heap after GC invocations=561 (full 18):
 PSYoungGen      total 148992K, used 15015K [0x00000000f5580000, 0x0000000100000000, 0x0000000100000000)
  eden space 123392K, 0% used [0x00000000f5580000,0x00000000f5580000,0x00000000fce00000)
  from space 25600K, 58% used [0x00000000fce00000,0x00000000fdca9cd0,0x00000000fe700000)
  to   space 25600K, 0% used [0x00000000fe700000,0x00000000fe700000,0x0000000100000000)
 ParOldGen       total 349696K, used 209286K [0x00000000e0000000, 0x00000000f5580000, 0x00000000f5580000)
  object space 349696K, 59% used [0x00000000e0000000,0x00000000ecc61958,0x00000000f5580000)
 Metaspace       used 81553K, capacity 85780K, committed 105364K, reserved 1140736K
  class space    used 10015K, capacity 10848K, committed 14524K, reserved 1048576K
}
Event: 29574.592 GC heap before
{Heap before GC invocations=562 (full 18):
 PSYoungGen      total 148992K, used 138407K [0x00000000f5580000, 0x0000000100000000, 0x0000000100000000)
  eden space 123392K, 100% used [0x00000000f5580000,0x00000000fce00000,0x00000000fce00000)
  from space 25600K, 58% used [0x00000000fce00000,0x00000000fdca9cd0,0x00000000fe700000)
  to   space 25600K, 0% used [0x00000000fe700000,0x00000000fe700000,0x0000000100000000)
 ParOldGen       total 349696K, used 209286K [0x00000000e0000000, 0x00000000f5580000, 0x00000000f5580000)
  object space 349696K, 59% used [0x00000000e0000000,0x00000000ecc61958,0x00000000f5580000)
 Metaspace       used 82917K, capacity 87214K, committed 105364K, reserved 1140736K
  class space    used 10183K, capacity 11048K, committed 14524K, reserved 1048576K
Event: 29574.608 GC heap after
Heap after GC invocations=562 (full 18):
 PSYoungGen      total 148992K, used 3361K [0x00000000f5580000, 0x0000000100000000, 0x0000000100000000)
  eden space 123392K, 0% used [0x00000000f5580000,0x00000000f5580000,0x00000000fce00000)
  from space 25600K, 13% used [0x00000000fe700000,0x00000000fea48668,0x0000000100000000)
  to   space 25600K, 0% used [0x00000000fce00000,0x00000000fce00000,0x00000000fe700000)
 ParOldGen       total 349696K, used 220241K [0x00000000e0000000, 0x00000000f5580000, 0x00000000f5580000)
  object space 349696K, 62% used [0x00000000e0000000,0x00000000ed7144b8,0x00000000f5580000)
 Metaspace       used 82917K, capacity 87214K, committed 105364K, reserved 1140736K
  class space    used 10183K, capacity 11048K, committed 14524K, reserved 1048576K
}
Event: 44908.811 GC heap before
{Heap before GC invocations=563 (full 18):
 PSYoungGen      total 148992K, used 126753K [0x00000000f5580000, 0x0000000100000000, 0x0000000100000000)
  eden space 123392K, 100% used [0x00000000f5580000,0x00000000fce00000,0x00000000fce00000)
  from space 25600K, 13% used [0x00000000fe700000,0x00000000fea48668,0x0000000100000000)
  to   space 25600K, 0% used [0x00000000fce00000,0x00000000fce00000,0x00000000fe700000)
 ParOldGen       total 349696K, used 220241K [0x00000000e0000000, 0x00000000f5580000, 0x00000000f5580000)
  object space 349696K, 62% used [0x00000000e0000000,0x00000000ed7144b8,0x00000000f5580000)
 Metaspace       used 83044K, capacity 87354K, committed 105364K, reserved 1140736K
  class space    used 10200K, capacity 11052K, committed 14524K, reserved 1048576K
Event: 44908.899 GC heap after
Heap after GC invocations=563 (full 18):
 PSYoungGen      total 124416K, used 781K [0x00000000f5580000, 0x0000000100000000, 0x0000000100000000)
  eden space 123392K, 0% used [0x00000000f5580000,0x00000000f5580000,0x00000000fce00000)
  from space 1024K, 76% used [0x00000000fce00000,0x00000000fcec37b0,0x00000000fcf00000)
  to   space 26112K, 0% used [0x00000000fe680000,0x00000000fe680000,0x0000000100000000)
 ParOldGen       total 349696K, used 222195K [0x00000000e0000000, 0x00000000f5580000, 0x00000000f5580000)
  object space 349696K, 63% used [0x00000000e0000000,0x00000000ed8fce90,0x00000000f5580000)
 Metaspace       used 83044K, capacity 87354K, committed 105364K, reserved 1140736K
  class space    used 10200K, capacity 11052K, committed 14524K, reserved 1048576K
}
Event: 62849.410 GC heap before
{Heap before GC invocations=564 (full 18):
 PSYoungGen      total 124416K, used 124173K [0x00000000f5580000, 0x0000000100000000, 0x0000000100000000)
  eden space 123392K, 100% used [0x00000000f5580000,0x00000000fce00000,0x00000000fce00000)
  from space 1024K, 76% used [0x00000000fce00000,0x00000000fcec37b0,0x00000000fcf00000)
  to   space 26112K, 0% used [0x00000000fe680000,0x00000000fe680000,0x0000000100000000)
 ParOldGen       total 349696K, used 222195K [0x00000000e0000000, 0x00000000f5580000, 0x00000000f5580000)
  object space 349696K, 63% used [0x00000000e0000000,0x00000000ed8fce90,0x00000000f5580000)
 Metaspace       used 83044K, capacity 87354K, committed 105364K, reserved 1140736K
  class space    used 10200K, capacity 11052K, committed 14524K, reserved 1048576K
Event: 62849.419 GC heap after
Heap after GC invocations=564 (full 18):
 PSYoungGen      total 148480K, used 576K [0x00000000f5580000, 0x0000000100000000, 0x0000000100000000)
  eden space 122368K, 0% used [0x00000000f5580000,0x00000000f5580000,0x00000000fcd00000)
  from space 26112K, 2% used [0x00000000fe680000,0x00000000fe710000,0x0000000100000000)
  to   space 26112K, 0% used [0x00000000fcd00000,0x00000000fcd00000,0x00000000fe680000)
 ParOldGen       total 349696K, used 222433K [0x00000000e0000000, 0x00000000f5580000, 0x00000000f5580000)
  object space 349696K, 63% used [0x00000000e0000000,0x00000000ed9386a0,0x00000000f5580000)
 Metaspace       used 83044K, capacity 87354K, committed 105364K, reserved 1140736K
  class space    used 10200K, capacity 11052K, committed 14524K, reserved 1048576K
}

